This is pdfTeX, Version 3.141592653-2.6-1.40.28 (TeX Live 2025) (preloaded format=pdflatex 2025.8.31)  24 NOV 2025 19:51
entering extended mode
 restricted \write18 enabled.
 %&-line parsing enabled.
**"Technical Documentation.tex"
(./Technical Documentation.tex
LaTeX2e <2025-06-01> patch level 1
L3 programming layer <2025-08-13>
(c:/texlive/2025/texmf-dist/tex/latex/base/article.cls
Document Class: article 2025/01/22 v1.4n Standard LaTeX document class
(c:/texlive/2025/texmf-dist/tex/latex/base/size11.clo
File: size11.clo 2025/01/22 v1.4n Standard LaTeX file (size option)
)
\c@part=\count275
\c@section=\count276
\c@subsection=\count277
\c@subsubsection=\count278
\c@paragraph=\count279
\c@subparagraph=\count280
\c@figure=\count281
\c@table=\count282
\abovecaptionskip=\skip49
\belowcaptionskip=\skip50
\bibindent=\dimen148
)
(c:/texlive/2025/texmf-dist/tex/latex/base/fontenc.sty
Package: fontenc 2024/12/21 v2.1c Standard LaTeX package
)
(c:/texlive/2025/texmf-dist/tex/latex/base/inputenc.sty
Package: inputenc 2024/02/08 v1.3d Input encoding file
\inpenc@prehook=\toks17
\inpenc@posthook=\toks18
)
(c:/texlive/2025/texmf-dist/tex/latex/graphics/graphicx.sty
Package: graphicx 2024/12/31 v1.2e Enhanced LaTeX Graphics (DPC,SPQR)

(c:/texlive/2025/texmf-dist/tex/latex/graphics/keyval.sty
Package: keyval 2022/05/29 v1.15 key=value parser (DPC)
\KV@toks@=\toks19
)
(c:/texlive/2025/texmf-dist/tex/latex/graphics/graphics.sty
Package: graphics 2024/08/06 v1.4g Standard LaTeX Graphics (DPC,SPQR)

(c:/texlive/2025/texmf-dist/tex/latex/graphics/trig.sty
Package: trig 2023/12/02 v1.11 sin cos tan (DPC)
)
(c:/texlive/2025/texmf-dist/tex/latex/graphics-cfg/graphics.cfg
File: graphics.cfg 2016/06/04 v1.11 sample graphics configuration
)
Package graphics Info: Driver file: pdftex.def on input line 106.

(c:/texlive/2025/texmf-dist/tex/latex/graphics-def/pdftex.def
File: pdftex.def 2024/04/13 v1.2c Graphics/color driver for pdftex
))
\Gin@req@height=\dimen149
\Gin@req@width=\dimen150
)
(c:/texlive/2025/texmf-dist/tex/latex/hyperref/hyperref.sty
Package: hyperref 2025-07-12 v7.01o Hypertext links for LaTeX

(c:/texlive/2025/texmf-dist/tex/generic/iftex/iftex.sty
Package: iftex 2024/12/12 v1.0g TeX engine tests
)
(c:/texlive/2025/texmf-dist/tex/latex/kvsetkeys/kvsetkeys.sty
Package: kvsetkeys 2022-10-05 v1.19 Key value parser (HO)
)
(c:/texlive/2025/texmf-dist/tex/generic/kvdefinekeys/kvdefinekeys.sty
Package: kvdefinekeys 2019-12-19 v1.6 Define keys (HO)
)
(c:/texlive/2025/texmf-dist/tex/generic/pdfescape/pdfescape.sty
Package: pdfescape 2019/12/09 v1.15 Implements pdfTeX's escape features (HO)

(c:/texlive/2025/texmf-dist/tex/generic/ltxcmds/ltxcmds.sty
Package: ltxcmds 2023-12-04 v1.26 LaTeX kernel commands for general use (HO)
)
(c:/texlive/2025/texmf-dist/tex/generic/pdftexcmds/pdftexcmds.sty
Package: pdftexcmds 2020-06-27 v0.33 Utility functions of pdfTeX for LuaTeX (HO
)

(c:/texlive/2025/texmf-dist/tex/generic/infwarerr/infwarerr.sty
Package: infwarerr 2019/12/03 v1.5 Providing info/warning/error messages (HO)
)
Package pdftexcmds Info: \pdf@primitive is available.
Package pdftexcmds Info: \pdf@ifprimitive is available.
Package pdftexcmds Info: \pdfdraftmode found.
))
(c:/texlive/2025/texmf-dist/tex/latex/hycolor/hycolor.sty
Package: hycolor 2020-01-27 v1.10 Color options for hyperref/bookmark (HO)
)
(c:/texlive/2025/texmf-dist/tex/latex/hyperref/nameref.sty
Package: nameref 2025-06-21 v2.57 Cross-referencing by name of section

(c:/texlive/2025/texmf-dist/tex/latex/refcount/refcount.sty
Package: refcount 2019/12/15 v3.6 Data extraction from label references (HO)
)
(c:/texlive/2025/texmf-dist/tex/generic/gettitlestring/gettitlestring.sty
Package: gettitlestring 2019/12/15 v1.6 Cleanup title references (HO)

(c:/texlive/2025/texmf-dist/tex/latex/kvoptions/kvoptions.sty
Package: kvoptions 2022-06-15 v3.15 Key value format for package options (HO)
))
\c@section@level=\count283
)
(c:/texlive/2025/texmf-dist/tex/latex/etoolbox/etoolbox.sty
Package: etoolbox 2025/02/11 v2.5l e-TeX tools for LaTeX (JAW)
\etb@tempcnta=\count284
)
(c:/texlive/2025/texmf-dist/tex/generic/stringenc/stringenc.sty
Package: stringenc 2019/11/29 v1.12 Convert strings between diff. encodings (HO
)
)
\@linkdim=\dimen151
\Hy@linkcounter=\count285
\Hy@pagecounter=\count286

(c:/texlive/2025/texmf-dist/tex/latex/hyperref/pd1enc.def
File: pd1enc.def 2025-07-12 v7.01o Hyperref: PDFDocEncoding definition (HO)
Now handling font encoding PD1 ...
... no UTF-8 mapping file for font encoding PD1
)
(c:/texlive/2025/texmf-dist/tex/generic/intcalc/intcalc.sty
Package: intcalc 2019/12/15 v1.3 Expandable calculations with integers (HO)
)
\Hy@SavedSpaceFactor=\count287

(c:/texlive/2025/texmf-dist/tex/latex/hyperref/puenc.def
File: puenc.def 2025-07-12 v7.01o Hyperref: PDF Unicode definition (HO)
Now handling font encoding PU ...
... no UTF-8 mapping file for font encoding PU
)
Package hyperref Info: Hyper figures OFF on input line 4195.
Package hyperref Info: Link nesting OFF on input line 4200.
Package hyperref Info: Hyper index ON on input line 4203.
Package hyperref Info: Plain pages OFF on input line 4210.
Package hyperref Info: Backreferencing OFF on input line 4215.
Package hyperref Info: Implicit mode ON; LaTeX internals redefined.
Package hyperref Info: Bookmarks ON on input line 4462.
\c@Hy@tempcnt=\count288

(c:/texlive/2025/texmf-dist/tex/latex/url/url.sty
\Urlmuskip=\muskip17
Package: url 2013/09/16  ver 3.4  Verb mode for urls, etc.
)
LaTeX Info: Redefining \url on input line 4801.
\XeTeXLinkMargin=\dimen152

(c:/texlive/2025/texmf-dist/tex/generic/bitset/bitset.sty
Package: bitset 2019/12/09 v1.3 Handle bit-vector datatype (HO)

(c:/texlive/2025/texmf-dist/tex/generic/bigintcalc/bigintcalc.sty
Package: bigintcalc 2019/12/15 v1.5 Expandable calculations on big integers (HO
)
))
\Fld@menulength=\count289
\Field@Width=\dimen153
\Fld@charsize=\dimen154
Package hyperref Info: Hyper figures OFF on input line 6078.
Package hyperref Info: Link nesting OFF on input line 6083.
Package hyperref Info: Hyper index ON on input line 6086.
Package hyperref Info: backreferencing OFF on input line 6093.
Package hyperref Info: Link coloring OFF on input line 6098.
Package hyperref Info: Link coloring with OCG OFF on input line 6103.
Package hyperref Info: PDF/A mode OFF on input line 6108.
\Hy@abspage=\count290
\c@Item=\count291
\c@Hfootnote=\count292
)
Package hyperref Info: Driver (autodetected): hpdftex.

(c:/texlive/2025/texmf-dist/tex/latex/hyperref/hpdftex.def
File: hpdftex.def 2025-07-12 v7.01o Hyperref driver for pdfTeX
\Fld@listcount=\count293
\c@bookmark@seq@number=\count294

(c:/texlive/2025/texmf-dist/tex/latex/rerunfilecheck/rerunfilecheck.sty
Package: rerunfilecheck 2025-06-21 v1.11 Rerun checks for auxiliary files (HO)

(c:/texlive/2025/texmf-dist/tex/generic/uniquecounter/uniquecounter.sty
Package: uniquecounter 2019/12/15 v1.4 Provide unlimited unique counter (HO)
)
Package uniquecounter Info: New unique counter `rerunfilecheck' on input line 2
84.
)
\Hy@SectionHShift=\skip51
)
(c:/texlive/2025/texmf-dist/tex/latex/geometry/geometry.sty
Package: geometry 2020/01/02 v5.9 Page Geometry

(c:/texlive/2025/texmf-dist/tex/generic/iftex/ifvtex.sty
Package: ifvtex 2019/10/25 v1.7 ifvtex legacy package. Use iftex instead.
)
\Gm@cnth=\count295
\Gm@cntv=\count296
\c@Gm@tempcnt=\count297
\Gm@bindingoffset=\dimen155
\Gm@wd@mp=\dimen156
\Gm@odd@mp=\dimen157
\Gm@even@mp=\dimen158
\Gm@layoutwidth=\dimen159
\Gm@layoutheight=\dimen160
\Gm@layouthoffset=\dimen161
\Gm@layoutvoffset=\dimen162
\Gm@dimlist=\toks20
)
(c:/texlive/2025/texmf-dist/tex/latex/sidecap/sidecap.sty
Package: sidecap 2023/01/24 v1.7a SideCap Package (RN/HjG)

(c:/texlive/2025/texmf-dist/tex/latex/base/ifthen.sty
Package: ifthen 2024/03/16 v1.1e Standard LaTeX ifthen package (DPC)
)
\SC@BOXWD=\dimen163
\SC@CAPWD=\dimen164
\SC@tempdima=\dimen165
\SC@tempdimb=\dimen166
\c@SC@C=\count298
\SC@BOX=\box53
)
(c:/texlive/2025/texmf-dist/tex/latex/caption/subcaption.sty
Package: subcaption 2023/07/28 v1.6b Sub-captions (AR)

(c:/texlive/2025/texmf-dist/tex/latex/caption/caption.sty
Package: caption 2023/08/05 v3.6o Customizing captions (AR)

(c:/texlive/2025/texmf-dist/tex/latex/caption/caption3.sty
Package: caption3 2023/07/31 v2.4d caption3 kernel (AR)
\caption@tempdima=\dimen167
\captionmargin=\dimen168
\caption@leftmargin=\dimen169
\caption@rightmargin=\dimen170
\caption@width=\dimen171
\caption@indent=\dimen172
\caption@parindent=\dimen173
\caption@hangindent=\dimen174
Package caption Info: Standard document class detected.
)
\c@caption@flags=\count299
\c@continuedfloat=\count300
Package caption Info: hyperref package is loaded.
Package caption Info: sidecap package is loaded.
)
Package caption Info: New subtype `subfigure' on input line 238.
\c@subfigure=\count301
Package caption Info: New subtype `subtable' on input line 238.
\c@subtable=\count302
)
(c:/texlive/2025/texmf-dist/tex/latex/wrapfig/wrapfig.sty
\wrapoverhang=\dimen175
\WF@size=\dimen176
\c@WF@wrappedlines=\count303
\WF@box=\box54
\WF@everypar=\toks21
Package: wrapfig 2003/01/31  v 3.6
)
(c:/texlive/2025/texmf-dist/tex/latex/float/float.sty
Package: float 2001/11/08 v1.3d Float enhancements (AL)
\c@float@type=\count304
\float@exts=\toks22
\float@box=\box55
\@float@everytoks=\toks23
\@floatcapt=\box56
)
(c:/texlive/2025/texmf-dist/tex/latex/imakeidx/imakeidx.sty
Package: imakeidx 2016/10/15 v1.3e Package for typesetting indices in a synchro
nous mode

(c:/texlive/2025/texmf-dist/tex/latex/xkeyval/xkeyval.sty
Package: xkeyval 2022/06/16 v2.9 package option processing (HA)

(c:/texlive/2025/texmf-dist/tex/generic/xkeyval/xkeyval.tex
(c:/texlive/2025/texmf-dist/tex/generic/xkeyval/xkvutils.tex
\XKV@toks=\toks24
\XKV@tempa@toks=\toks25
)
\XKV@depth=\count305
File: xkeyval.tex 2014/12/03 v2.7a key=value parser (HA)
))
(c:/texlive/2025/texmf-dist/tex/generic/iftex/ifxetex.sty
Package: ifxetex 2019/10/25 v0.7 ifxetex legacy package. Use iftex instead.
)
(c:/texlive/2025/texmf-dist/tex/generic/iftex/ifluatex.sty
Package: ifluatex 2019/10/25 v1.5 ifluatex legacy package. Use iftex instead.
)
(c:/texlive/2025/texmf-dist/tex/latex/tools/multicol.sty
Package: multicol 2025/05/25 v2.0a multicolumn formatting (FMi)
\c@tracingmulticols=\count306
\mult@box=\box57
\multicol@leftmargin=\dimen177
\c@unbalance=\count307
\c@collectmore=\count308
\doublecol@number=\count309
\multicoltolerance=\count310
\multicolpretolerance=\count311
\full@width=\dimen178
\page@free=\dimen179
\premulticols=\dimen180
\postmulticols=\dimen181
\multicolsep=\skip52
\multicolbaselineskip=\skip53
\partial@page=\box58
\last@line=\box59
\mc@boxedresult=\box60
\maxbalancingoverflow=\dimen182
\mult@rightbox=\box61
\mult@grightbox=\box62
\mult@firstbox=\box63
\mult@gfirstbox=\box64
\@tempa=\box65
\@tempa=\box66
\@tempa=\box67
\@tempa=\box68
\@tempa=\box69
\@tempa=\box70
\@tempa=\box71
\@tempa=\box72
\@tempa=\box73
\@tempa=\box74
\@tempa=\box75
\@tempa=\box76
\@tempa=\box77
\@tempa=\box78
\@tempa=\box79
\@tempa=\box80
\@tempa=\box81
\@tempa=\box82
\@tempa=\box83
\@tempa=\box84
\@tempa=\box85
\@tempa=\box86
\@tempa=\box87
\@tempa=\box88
\@tempa=\box89
\@tempa=\box90
\@tempa=\box91
\@tempa=\box92
\@tempa=\box93
\@tempa=\box94
\@tempa=\box95
\@tempa=\box96
\@tempa=\box97
\@tempa=\box98
\@tempa=\box99
\@tempa=\box100
\c@minrows=\count312
\c@columnbadness=\count313
\c@finalcolumnbadness=\count314
\last@try=\dimen183
\multicolovershoot=\dimen184
\multicolundershoot=\dimen185
\mult@nat@firstbox=\box101
\colbreak@box=\box102
\mc@col@check@num=\count315
\g__mc_curr_col_int=\count316
))
(c:/texlive/2025/texmf-dist/tex/latex/tools/indentfirst.sty
Package: indentfirst 2023/07/02 v1.03 Indent first paragraph (DPC)
)
(c:/texlive/2025/texmf-dist/tex/latex/placeins/placeins.sty
Package: placeins 2005/04/18  v 2.2
)
(c:/texlive/2025/texmf-dist/tex/latex/multirow/multirow.sty
Package: multirow 2024/11/12 v2.9 Span multiple rows of a table
\multirow@colwidth=\skip54
\multirow@cntb=\count317
\multirow@dima=\skip55
\bigstrutjot=\dimen186
)
(c:/texlive/2025/texmf-dist/tex/latex/tools/verbatim.sty
Package: verbatim 2024-01-22 v1.5x LaTeX2e package for verbatim enhancements
\every@verbatim=\toks26
\verbatim@line=\toks27
\verbatim@in@stream=\read2
)
(c:/texlive/2025/texmf-dist/tex/latex/fancyvrb/fancyvrb.sty
Package: fancyvrb 2025/07/28 4.6 verbatim text (tvz,hv)
\FV@CodeLineNo=\count318
\FV@InFile=\read3
\FV@TabBox=\box103
\c@FancyVerbLine=\count319
\FV@StepNumber=\count320
\FV@OutFile=\write3
)
(c:/texlive/2025/texmf-dist/tex/latex/listings/listings.sty
\lst@mode=\count321
\lst@gtempboxa=\box104
\lst@token=\toks28
\lst@length=\count322
\lst@currlwidth=\dimen187
\lst@column=\count323
\lst@pos=\count324
\lst@lostspace=\dimen188
\lst@width=\dimen189
\lst@newlines=\count325
\lst@lineno=\count326
\lst@maxwidth=\dimen190

(c:/texlive/2025/texmf-dist/tex/latex/listings/lstpatch.sty
File: lstpatch.sty 2024/09/23 1.10c (Carsten Heinz)
)
(c:/texlive/2025/texmf-dist/tex/latex/listings/lstmisc.sty
File: lstmisc.sty 2024/09/23 1.10c (Carsten Heinz)
\c@lstnumber=\count327
\lst@skipnumbers=\count328
\lst@framebox=\box105
)
(c:/texlive/2025/texmf-dist/tex/latex/listings/listings.cfg
File: listings.cfg 2024/09/23 1.10c listings configuration
))
Package: listings 2024/09/23 1.10c (Carsten Heinz)

(c:/texlive/2025/texmf-dist/tex/latex/xcolor/xcolor.sty
Package: xcolor 2024/09/29 v3.02 LaTeX color extensions (UK)

(c:/texlive/2025/texmf-dist/tex/latex/graphics-cfg/color.cfg
File: color.cfg 2016/01/02 v1.6 sample color configuration
)
Package xcolor Info: Driver file: pdftex.def on input line 274.

(c:/texlive/2025/texmf-dist/tex/latex/graphics/mathcolor.ltx)
Package xcolor Info: Model `cmy' substituted by `cmy0' on input line 1349.
Package xcolor Info: Model `hsb' substituted by `rgb' on input line 1353.
Package xcolor Info: Model `RGB' extended on input line 1365.
Package xcolor Info: Model `HTML' substituted by `rgb' on input line 1367.
Package xcolor Info: Model `Hsb' substituted by `hsb' on input line 1368.
Package xcolor Info: Model `tHsb' substituted by `hsb' on input line 1369.
Package xcolor Info: Model `HSB' substituted by `hsb' on input line 1370.
Package xcolor Info: Model `Gray' substituted by `gray' on input line 1371.
Package xcolor Info: Model `wave' substituted by `hsb' on input line 1372.
)
\"Technical Documentation"@idxfile=\write4
\openout4 = `"Technical Documentation.idx"'.


Writing index file "Technical Documentation".idx
(c:/texlive/2025/texmf-dist/tex/latex/l3backend/l3backend-pdftex.def
File: l3backend-pdftex.def 2025-06-09 L3 backend support: PDF output (pdfTeX)
\l__color_backend_stack_int=\count329
)
(./Technical Documentation.aux)
\openout1 = `"Technical Documentation.aux"'.

LaTeX Font Info:    Checking defaults for OML/cmm/m/it on input line 52.
LaTeX Font Info:    ... okay on input line 52.
LaTeX Font Info:    Checking defaults for OMS/cmsy/m/n on input line 52.
LaTeX Font Info:    ... okay on input line 52.
LaTeX Font Info:    Checking defaults for OT1/cmr/m/n on input line 52.
LaTeX Font Info:    ... okay on input line 52.
LaTeX Font Info:    Checking defaults for T1/cmr/m/n on input line 52.
LaTeX Font Info:    ... okay on input line 52.
LaTeX Font Info:    Checking defaults for TS1/cmr/m/n on input line 52.
LaTeX Font Info:    ... okay on input line 52.
LaTeX Font Info:    Checking defaults for OMX/cmex/m/n on input line 52.
LaTeX Font Info:    ... okay on input line 52.
LaTeX Font Info:    Checking defaults for U/cmr/m/n on input line 52.
LaTeX Font Info:    ... okay on input line 52.
LaTeX Font Info:    Checking defaults for PD1/pdf/m/n on input line 52.
LaTeX Font Info:    ... okay on input line 52.
LaTeX Font Info:    Checking defaults for PU/pdf/m/n on input line 52.
LaTeX Font Info:    ... okay on input line 52.

(c:/texlive/2025/texmf-dist/tex/context/base/mkii/supp-pdf.mkii
[Loading MPS to PDF converter (version 2006.09.02).]
\scratchcounter=\count330
\scratchdimen=\dimen191
\scratchbox=\box106
\nofMPsegments=\count331
\nofMParguments=\count332
\everyMPshowfont=\toks29
\MPscratchCnt=\count333
\MPscratchDim=\dimen192
\MPnumerator=\count334
\makeMPintoPDFobject=\count335
\everyMPtoPDFconversion=\toks30
) (c:/texlive/2025/texmf-dist/tex/latex/epstopdf-pkg/epstopdf-base.sty
Package: epstopdf-base 2020-01-24 v2.11 Base part for package epstopdf
Package epstopdf-base Info: Redefining graphics rule for `.eps' on input line 4
85.

(c:/texlive/2025/texmf-dist/tex/latex/latexconfig/epstopdf-sys.cfg
File: epstopdf-sys.cfg 2010/07/13 v1.3 Configuration of (r)epstopdf for TeX Liv
e
))
Package hyperref Info: Link coloring OFF on input line 52.

(./Technical Documentation.out) (./Technical Documentation.out)
\@outlinefile=\write5
\openout5 = `"Technical Documentation.out"'.


*geometry* driver: auto-detecting
*geometry* detected driver: pdftex
*geometry* verbose mode - [ preamble ] result:
* driver: pdftex
* paper: <default>
* layout: <same size as paper>
* layoutoffset:(h,v)=(0.0pt,0.0pt)
* modes: 
* h-part:(L,W,R)=(36.135pt, 542.02501pt, 36.135pt)
* v-part:(T,H,B)=(36.135pt, 722.7pt, 36.135pt)
* \paperwidth=614.295pt
* \paperheight=794.96999pt
* \textwidth=542.02501pt
* \textheight=722.7pt
* \oddsidemargin=-36.135pt
* \evensidemargin=-36.135pt
* \topmargin=-73.135pt
* \headheight=12.0pt
* \headsep=25.0pt
* \topskip=11.0pt
* \footskip=30.0pt
* \marginparwidth=59.0pt
* \marginparsep=10.0pt
* \columnsep=10.0pt
* \skip\footins=10.0pt plus 4.0pt minus 2.0pt
* \hoffset=0.0pt
* \voffset=0.0pt
* \mag=1000
* \@twocolumnfalse
* \@twosidefalse
* \@mparswitchfalse
* \@reversemarginfalse
* (1in=72.27pt=25.4mm, 1cm=28.453pt)

(c:/texlive/2025/texmf-dist/tex/latex/ragged2e/ragged2e.sty
Package: ragged2e 2023/06/22 v3.6 ragged2e Package
\CenteringLeftskip=\skip56
\RaggedLeftLeftskip=\skip57
\RaggedRightLeftskip=\skip58
\CenteringRightskip=\skip59
\RaggedLeftRightskip=\skip60
\RaggedRightRightskip=\skip61
\CenteringParfillskip=\skip62
\RaggedLeftParfillskip=\skip63
\RaggedRightParfillskip=\skip64
\JustifyingParfillskip=\skip65
\CenteringParindent=\skip66
\RaggedLeftParindent=\skip67
\RaggedRightParindent=\skip68
\JustifyingParindent=\skip69
)
Package caption Info: Begin \AtBeginDocument code.
Package caption Info: float package is loaded.
Package caption Info: listings package is loaded.
Package caption Info: wrapfig package is loaded.
Package caption Info: End \AtBeginDocument code.
\c@lstlisting=\count336
LaTeX Font Info:    External font `cmex10' loaded for size
(Font)              <10.95> on input line 71.
LaTeX Font Info:    External font `cmex10' loaded for size
(Font)              <8> on input line 71.
LaTeX Font Info:    External font `cmex10' loaded for size
(Font)              <6> on input line 71.


[1

{c:/texlive/2025/texmf-var/fonts/map/pdftex/updmap/pdftex.map}{c:/texlive/2025/
texmf-dist/fonts/enc/dvips/cm-super/cm-super-t1.enc}]
(./Technical Documentation.toc

[1

])
\tf@toc=\write6
\openout6 = `"Technical Documentation.toc"'.




pdfTeX warning (ext4): destination with the same identifier (name{page.}) has b
een already used, duplicate ignored
<to be read again> 
                   \relax 
l.105 \cleardoublepage
                       [2] (./Technical Documentation.lof)
\tf@lof=\write7
\openout7 = `"Technical Documentation.lof"'.




pdfTeX warning (ext4): destination with the same identifier (name{page.}) has b
een already used, duplicate ignored
<to be read again> 
                   \relax 
l.113 \cleardoublepage
                       [1



]


pdfTeX warning (ext4): destination with the same identifier (name{page.1}) has 
been already used, duplicate ignored
<to be read again> 
                   \relax 
l.155 D
       eliverables: Sprint review decks, four incremental technical document...
[1

]
Overfull \hbox (16.56664pt too wide) in paragraph at lines 182--195
 [][] 
 []


Overfull \hbox (58.99747pt too wide) in paragraph at lines 211--236
 [][] 
 []


LaTeX Warning: `!h' float specifier changed to `!ht'.



[2]

[3{c:/texlive/2025/texmf-dist/fonts/enc/dvips/cm-super/cm-super-ts1.enc}]
<images/Facade Design Pattern.drawio.png, id=405, 603.25375pt x 502.87875pt>
File: images/Facade Design Pattern.drawio.png Graphic file (type png)
<use images/Facade Design Pattern.drawio.png>
Package pdftex.def Info: images/Facade Design Pattern.drawio.png  used on input
 line 346.
(pdftex.def)             Requested size: 336.05286pt x 280.1369pt.


[4]
<images/Singleton Class Diagram.png, id=411, 469.755pt x 561.59813pt>
File: images/Singleton Class Diagram.png Graphic file (type png)
<use images/Singleton Class Diagram.png>
Package pdftex.def Info: images/Singleton Class Diagram.png  used on input line
 353.
(pdftex.def)             Requested size: 336.05286pt x 401.75385pt.


[5 <./images/Facade Design Pattern.drawio.png>]
<images/ClassDesignPattern.png, id=417, 714.67pt x 287.0725pt>
File: images/ClassDesignPattern.png Graphic file (type png)
<use images/ClassDesignPattern.png>
Package pdftex.def Info: images/ClassDesignPattern.png  used on input line 359.

(pdftex.def)             Requested size: 325.2183pt x 130.63571pt.
<images/Use Case Diagrams.png, id=418, 670.75594pt x 536.75531pt>
File: images/Use Case Diagrams.png Graphic file (type png)
<use images/Use Case Diagrams.png>
Package pdftex.def Info: images/Use Case Diagrams.png  used on input line 374.
(pdftex.def)             Requested size: 542.02501pt x 433.73744pt.


[6 <./images/Singleton Class Diagram.png> <./images/ClassDesignPattern.png>]
<images/Use Case Scenario.png, id=425, 820.56563pt x 545.78906pt>
File: images/Use Case Scenario.png Graphic file (type png)
<use images/Use Case Scenario.png>
Package pdftex.def Info: images/Use Case Scenario.png  used on input line 391.
(pdftex.def)             Requested size: 542.02501pt x 360.5217pt.


[7 <./images/Use Case Diagrams.png>]
<images/TopperNav Sequance.drawio.png, id=431, 992.70876pt x 934.49126pt>
File: images/TopperNav Sequance.drawio.png Graphic file (type png)
<use images/TopperNav Sequance.drawio.png>
Package pdftex.def Info: images/TopperNav Sequance.drawio.png  used on input li
ne 408.
(pdftex.def)             Requested size: 325.2183pt x 306.14438pt.


[8 <./images/Use Case Scenario.png>]
<images/state_diagram.png, id=437, 1025.8325pt x 1529.715pt>
File: images/state_diagram.png Graphic file (type png)
<use images/state_diagram.png>
Package pdftex.def Info: images/state_diagram.png  used on input line 428.
(pdftex.def)             Requested size: 325.2183pt x 484.96721pt.


[9 <./images/TopperNav Sequance.drawio.png>]
<images/component_diagram.png, id=444, 783.92876pt x 472.76625pt>
File: images/component_diagram.png Graphic file (type png)
<use images/component_diagram.png>
Package pdftex.def Info: images/component_diagram.png  used on input line 445.
(pdftex.def)             Requested size: 325.2183pt x 196.12941pt.


[10 <./images/state_diagram.png>]
<images/TopperNav Deployment Diagram.drawio.png, id=450, 352.31625pt x 492.8412
5pt>
File: images/TopperNav Deployment Diagram.drawio.png Graphic file (type png)
<use images/TopperNav Deployment Diagram.drawio.png>
Package pdftex.def Info: images/TopperNav Deployment Diagram.drawio.png  used o
n input line 462.
(pdftex.def)             Requested size: 216.80669pt x 303.2798pt.


[11 <./images/component_diagram.png> <./images/TopperNav Deployment Diagram.dra
wio.png>]
LaTeX Font Info:    External font `cmex10' loaded for size
(Font)              <7> on input line 513.
LaTeX Font Info:    External font `cmex10' loaded for size
(Font)              <5> on input line 513.

Underfull \hbox (badness 6204) in paragraph at lines 517--517
[]\T1/cmr/m/n/10 Determine Lo-ca-
 []


Overfull \hbox (0.53958pt too wide) in paragraph at lines 517--518
[]\T1/cmr/m/n/10 data/local/FusedLocationProviderImpl.kt,
 []


Underfull \hbox (badness 1194) in paragraph at lines 519--519
[]\T1/cmr/m/n/10 Search by build-ing name
 []


Underfull \hbox (badness 10000) in paragraph at lines 519--520
[]\T1/cmr/m/n/10 domain/usecase/SearchRoomsUseCase.kt,
 []


Underfull \hbox (badness 10000) in paragraph at lines 519--520
\T1/cmr/m/n/10 ui/screen-s/Search-Screen.kt, Nav-i-ga-tion-
 []


Underfull \hbox (badness 1264) in paragraph at lines 521--521
[]\T1/cmr/m/n/10 Generate nav-i-ga-tion met-
 []


Underfull \hbox (badness 10000) in paragraph at lines 521--521
\T1/cmr/m/n/10 rics (dis-tance, bear-ing,
 []


Underfull \hbox (badness 10000) in paragraph at lines 521--521
[]\T1/cmr/m/n/10 Generate Guid-
 []


Underfull \hbox (badness 10000) in paragraph at lines 521--521
\T1/cmr/m/n/10 ance / Dis-play
 []


Underfull \hbox (badness 10000) in paragraph at lines 521--522
[]\T1/cmr/m/n/10 util/GeoUtils.java, view-mod-el/-Nav-i-ga-
 []


Underfull \hbox (badness 10000) in paragraph at lines 523--523
[]\T1/cmr/m/n/10 Live-updating nav-i-ga-tion
 []


Underfull \hbox (badness 10000) in paragraph at lines 523--523
[]\T1/cmr/m/n/10 Display ETA /
 []


Underfull \hbox (badness 4569) in paragraph at lines 523--523
[]\T1/cmr/m/n/10 Y (1--2 Hz
 []


Underfull \hbox (badness 6625) in paragraph at lines 523--524
[]\T1/cmr/m/n/10 ui/screens/NavigationScreen.kt, Nav-i-ga-
 []


Underfull \hbox (badness 2088) in paragraph at lines 525--525
[]\T1/cmr/m/n/10 Store re-cent searches lo-
 []


Underfull \hbox (badness 2237) in paragraph at lines 525--526
[]\T1/cmr/m/n/10 data/local/db (Room), data/repos-i-tory,
 []


Underfull \hbox (badness 10000) in paragraph at lines 529--529
[]\T1/cmr/m/n/10 Demo / Test
 []


Underfull \hbox (badness 10000) in paragraph at lines 529--529
[]\T1/cmr/m/n/10 Y (mock
 []


Underfull \hbox (badness 1533) in paragraph at lines 529--530
[]\T1/cmr/m/n/10 core/AppConfig.kt (mock tog-gles), test
 []


Underfull \hbox (badness 6204) in paragraph at lines 531--531
[]\T1/cmr/m/n/10 Determine Lo-ca-
 []


Underfull \hbox (badness 1454) in paragraph at lines 531--532
[]\T1/cmr/m/n/10 Device/GPS de-pen-dent; fused provider
 []


Underfull \hbox (badness 10000) in paragraph at lines 533--533
[]\T1/cmr/m/n/10 Generate Guid-
 []


Underfull \hbox (badness 10000) in paragraph at lines 533--533
[]\T1/cmr/m/n/10 Planned /
 []


Underfull \hbox (badness 10000) in paragraph at lines 533--534
[]\T1/cmr/m/n/10 NavigationViewModel.kt; la-tency via
 []


Overfull \hbox (4.03932pt too wide) in paragraph at lines 541--541
[]\T1/cmr/m/n/10 PERF1| 
 []


Underfull \hbox (badness 3019) in paragraph at lines 543--543
[]\T1/cmr/m/n/10 Input val-i-da-tion / ba-sic
 []



[12]

[13]
<images/securitythreatmodel.png, id=471, 806.01125pt x 452.69125pt>
File: images/securitythreatmodel.png Graphic file (type png)
<use images/securitythreatmodel.png>
Package pdftex.def Info: images/securitythreatmodel.png  used on input line 628
.
(pdftex.def)             Requested size: 514.9221pt x 289.20334pt.


[14]

[15 <./images/securitythreatmodel.png>]

[16]

[17]
<images/test_execution_times.png, id=492, 714.0276pt x 423.7431pt>
File: images/test_execution_times.png Graphic file (type png)
<use images/test_execution_times.png>
Package pdftex.def Info: images/test_execution_times.png  used on input line 75
3.
(pdftex.def)             Requested size: 460.72456pt x 273.42534pt.


[18 <./images/test_execution_times.png>]

[19]

[20]

[21] (c:/texlive/2025/texmf-dist/tex/latex/listings/lstlang1.sty
File: lstlang1.sty 2024/09/23 1.10c listings language file
)
Package hyperref Info: bookmark level for unknown lstlisting defaults to 0 on i
nput line 951.

(./MainActivity.kt

[22]

[23]

[24]

[25]) (./NavigationViewModel.kt

[26]

[27]

[28]

[29]) (./SearchViewModel.kt) (./SearchRoomsUseCase.kt)
(./NavigationRepositoryImpl.kt

[30]) (./GeoUtils.java) (./AppConfig.kt

[31]) (./NavigationScreen.kt

[32]

[33]

[34]) (./SearchScreen.kt

[35]) (./HistoryScreen.kt

[36]) (./SettingsScreen.kt) (./TopperNavDatabase.java) (./RoomEntity.java

[37]) (./RoomDao.java

[38])

[39] (./Technical Documentation.aux)
 ***********
LaTeX2e <2025-06-01> patch level 1
L3 programming layer <2025-08-13>
 ***********
Package rerunfilecheck Info: File `"Technical Documentation".out' has not chang
ed.
(rerunfilecheck)             Checksum: B289AD9B6B42527FDEE96E5EF671C4A5;11803.
 ) 
Here is how much of TeX's memory you used:
 16842 strings out of 467800
 264172 string characters out of 5436061
 2258178 words of memory out of 5000000
 43570 multiletter control sequences out of 15000+600000
 641916 words of font info for 68 fonts, out of 8000000 for 9000
 1141 hyphenation exceptions out of 8191
 75i,11n,79p,1756b,2188s stack positions out of 10000i,1000n,20000p,200000b,200000s
<c:/texlive/2025/texmf-dist/fonts/type1/public/amsfonts/cm/cmmi10.pfb><c:/tex
live/2025/texmf-dist/fonts/type1/public/amsfonts/cm/cmsy10.pfb><c:/texlive/2025
/texmf-dist/fonts/type1/public/cm-super/sfbx0600.pfb><c:/texlive/2025/texmf-dis
t/fonts/type1/public/cm-super/sfbx1000.pfb><c:/texlive/2025/texmf-dist/fonts/ty
pe1/public/cm-super/sfbx1095.pfb><c:/texlive/2025/texmf-dist/fonts/type1/public
/cm-super/sfbx1200.pfb><c:/texlive/2025/texmf-dist/fonts/type1/public/cm-super/
sfbx1440.pfb><c:/texlive/2025/texmf-dist/fonts/type1/public/cm-super/sfbx2488.p
fb><c:/texlive/2025/texmf-dist/fonts/type1/public/cm-super/sfrm0600.pfb><c:/tex
live/2025/texmf-dist/fonts/type1/public/cm-super/sfrm1000.pfb><c:/texlive/2025/
texmf-dist/fonts/type1/public/cm-super/sfrm1095.pfb><c:/texlive/2025/texmf-dist
/fonts/type1/public/cm-super/sfrm1440.pfb><c:/texlive/2025/texmf-dist/fonts/typ
e1/public/cm-super/sfti0600.pfb><c:/texlive/2025/texmf-dist/fonts/type1/public/
cm-super/sfti1095.pfb><c:/texlive/2025/texmf-dist/fonts/type1/public/cm-super/s
ftt1095.pfb>
Output written on "Technical Documentation.pdf" (43 pages, 1019902 bytes).
PDF statistics:
 2587 PDF objects out of 2984 (max. 8388607)
 2461 compressed objects within 25 object streams
 1684 named destinations out of 1728 (max. 500000)
 592 words of extra memory for PDF output out of 10000 (max. 10000000)

